{
"contracts\\ERC20.sol":{"l":{"39":6,"40":6,"41":5,"42":5,"43":4,"45":3,"46":3,"47":3,"48":3,"50":3,"51":3,"66":9,"67":8,"68":7,"69":6,"70":5,"72":5,"73":5,"75":5,"93":27,"94":26,"95":25,"96":24,"97":23,"98":22,"100":20,"101":20,"103":20,"104":19,"107":20,"122":13,"123":12,"125":10,"126":1,"129":9,"131":9},"path":"C:\\Users\\fnico\\OneDrive\\Documentos\\Github\\obligatorio-pintos-rodriguez-alonso\\contracts\\ERC20.sol","s":{"1":6,"2":6,"3":5,"4":5,"5":4,"6":9,"7":8,"8":7,"9":6,"10":5,"11":5,"12":27,"13":26,"14":25,"15":24,"16":23,"17":22,"18":20,"19":20,"20":13,"21":12,"22":10,"23":1,"24":9},"b":{"1":[5,1],"2":[4,1],"3":[3,1],"4":[8,1],"5":[7,1],"6":[6,1],"7":[5,1],"8":[5,0],"9":[26,1],"10":[25,1],"11":[24,1],"12":[23,1],"13":[22,1],"14":[20,2],"15":[1,19],"16":[19,1],"17":[12,1],"18":[10,2],"19":[1,9],"20":[1,9]},"f":{"1":6,"2":9,"3":27,"4":13},"fnMap":{"1":{"name":"constructor","line":38,"loc":{"start":{"line":38,"column":4},"end":{"line":52,"column":4}}},"2":{"name":"transfer","line":65,"loc":{"start":{"line":65,"column":4},"end":{"line":76,"column":4}}},"3":{"name":"transferFrom","line":92,"loc":{"start":{"line":92,"column":4},"end":{"line":108,"column":4}}},"4":{"name":"approve","line":121,"loc":{"start":{"line":121,"column":4},"end":{"line":132,"column":4}}}},"statementMap":{"1":{"start":{"line":39,"column":8},"end":{"line":39,"column":46}},"2":{"start":{"line":40,"column":8},"end":{"line":40,"column":79}},"3":{"start":{"line":41,"column":8},"end":{"line":41,"column":50}},"4":{"start":{"line":42,"column":8},"end":{"line":42,"column":83}},"5":{"start":{"line":43,"column":8},"end":{"line":43,"column":77}},"6":{"start":{"line":66,"column":8},"end":{"line":66,"column":70}},"7":{"start":{"line":67,"column":8},"end":{"line":67,"column":84}},"8":{"start":{"line":68,"column":8},"end":{"line":68,"column":66}},"9":{"start":{"line":69,"column":8},"end":{"line":69,"column":82}},"10":{"start":{"line":70,"column":8},"end":{"line":70,"column":84}},"11":{"start":{"line":75,"column":8},"end":{"line":75,"column":46}},"12":{"start":{"line":93,"column":8},"end":{"line":93,"column":78}},"13":{"start":{"line":94,"column":8},"end":{"line":94,"column":74}},"14":{"start":{"line":95,"column":8},"end":{"line":95,"column":83}},"15":{"start":{"line":96,"column":8},"end":{"line":96,"column":70}},"16":{"start":{"line":97,"column":8},"end":{"line":97,"column":81}},"17":{"start":{"line":98,"column":8},"end":{"line":98,"column":118}},"18":{"start":{"line":103,"column":8},"end":{"line":103,"column":5293}},"19":{"start":{"line":107,"column":8},"end":{"line":107,"column":41}},"20":{"start":{"line":122,"column":8},"end":{"line":122,"column":79}},"21":{"start":{"line":123,"column":8},"end":{"line":123,"column":124}},"22":{"start":{"line":125,"column":8},"end":{"line":125,"column":6542}},"23":{"start":{"line":126,"column":12},"end":{"line":126,"column":51}},"24":{"start":{"line":131,"column":8},"end":{"line":131,"column":51}}},"branchMap":{"1":{"line":40,"type":"if","locations":[{"start":{"line":40,"column":8},"end":{"line":40,"column":8}},{"start":{"line":40,"column":8},"end":{"line":40,"column":8}}]},"2":{"line":42,"type":"if","locations":[{"start":{"line":42,"column":8},"end":{"line":42,"column":8}},{"start":{"line":42,"column":8},"end":{"line":42,"column":8}}]},"3":{"line":43,"type":"if","locations":[{"start":{"line":43,"column":8},"end":{"line":43,"column":8}},{"start":{"line":43,"column":8},"end":{"line":43,"column":8}}]},"4":{"line":66,"type":"if","locations":[{"start":{"line":66,"column":8},"end":{"line":66,"column":8}},{"start":{"line":66,"column":8},"end":{"line":66,"column":8}}]},"5":{"line":67,"type":"if","locations":[{"start":{"line":67,"column":8},"end":{"line":67,"column":8}},{"start":{"line":67,"column":8},"end":{"line":67,"column":8}}]},"6":{"line":68,"type":"if","locations":[{"start":{"line":68,"column":8},"end":{"line":68,"column":8}},{"start":{"line":68,"column":8},"end":{"line":68,"column":8}}]},"7":{"line":69,"type":"if","locations":[{"start":{"line":69,"column":8},"end":{"line":69,"column":8}},{"start":{"line":69,"column":8},"end":{"line":69,"column":8}}]},"8":{"line":70,"type":"if","locations":[{"start":{"line":70,"column":8},"end":{"line":70,"column":8}},{"start":{"line":70,"column":8},"end":{"line":70,"column":8}}]},"9":{"line":93,"type":"if","locations":[{"start":{"line":93,"column":8},"end":{"line":93,"column":8}},{"start":{"line":93,"column":8},"end":{"line":93,"column":8}}]},"10":{"line":94,"type":"if","locations":[{"start":{"line":94,"column":8},"end":{"line":94,"column":8}},{"start":{"line":94,"column":8},"end":{"line":94,"column":8}}]},"11":{"line":95,"type":"if","locations":[{"start":{"line":95,"column":8},"end":{"line":95,"column":8}},{"start":{"line":95,"column":8},"end":{"line":95,"column":8}}]},"12":{"line":96,"type":"if","locations":[{"start":{"line":96,"column":8},"end":{"line":96,"column":8}},{"start":{"line":96,"column":8},"end":{"line":96,"column":8}}]},"13":{"line":97,"type":"if","locations":[{"start":{"line":97,"column":8},"end":{"line":97,"column":8}},{"start":{"line":97,"column":8},"end":{"line":97,"column":8}}]},"14":{"line":98,"type":"if","locations":[{"start":{"line":98,"column":8},"end":{"line":98,"column":8}},{"start":{"line":98,"column":8},"end":{"line":98,"column":8}}]},"15":{"line":98,"type":"cond-expr","locations":[{"start":{"line":98,"column":16},"end":{"line":98,"column":34}},{"start":{"line":98,"column":39},"end":{"line":98,"column":76}}]},"16":{"line":103,"type":"if","locations":[{"start":{"line":103,"column":8},"end":{"line":103,"column":8}},{"start":{"line":103,"column":8},"end":{"line":103,"column":8}}]},"17":{"line":122,"type":"if","locations":[{"start":{"line":122,"column":8},"end":{"line":122,"column":8}},{"start":{"line":122,"column":8},"end":{"line":122,"column":8}}]},"18":{"line":123,"type":"if","locations":[{"start":{"line":123,"column":8},"end":{"line":123,"column":8}},{"start":{"line":123,"column":8},"end":{"line":123,"column":8}}]},"19":{"line":123,"type":"cond-expr","locations":[{"start":{"line":123,"column":16},"end":{"line":123,"column":26}},{"start":{"line":123,"column":31},"end":{"line":123,"column":66}}]},"20":{"line":125,"type":"if","locations":[{"start":{"line":125,"column":8},"end":{"line":125,"column":8}},{"start":{"line":125,"column":8},"end":{"line":125,"column":8}}]}}},
"contracts\\Exchange.sol":{"l":{"40":16,"41":12,"57":21,"58":20,"59":19,"60":18,"61":17,"62":16,"64":15,"66":15,"68":14,"69":14,"70":14,"71":14,"72":14,"73":14,"74":14,"75":14,"86":2,"87":1,"88":1,"89":1,"90":1,"91":1,"92":1,"101":1,"102":1,"103":1,"104":1,"114":4,"115":3,"116":3,"117":3,"118":3,"119":3,"120":3,"121":3,"122":3,"123":3,"125":2,"126":2,"127":2,"128":2,"139":3,"140":2,"142":1,"143":1,"144":1,"145":1,"146":1,"148":1,"150":1,"151":1,"153":1,"154":1,"164":2,"165":1,"176":3,"177":2,"178":2,"179":2,"180":2,"182":1,"183":1,"195":5,"196":4,"197":3,"198":3,"199":2,"201":1,"202":1,"212":2,"213":1,"214":1,"221":42,"222":42,"225":42},"path":"C:\\Users\\fnico\\OneDrive\\Documentos\\Github\\obligatorio-pintos-rodriguez-alonso\\contracts\\Exchange.sol","s":{"1":16,"2":21,"3":20,"4":19,"5":18,"6":17,"7":16,"8":15,"9":15,"10":14,"11":2,"12":1,"13":1,"14":1,"15":1,"16":1,"17":1,"18":1,"19":1,"20":4,"21":3,"22":3,"23":3,"24":3,"25":3,"26":3,"27":3,"28":3,"29":3,"30":2,"31":2,"32":2,"33":3,"34":2,"35":1,"36":1,"37":1,"38":1,"39":1,"40":1,"41":1,"42":1,"43":1,"44":2,"45":3,"46":2,"47":2,"48":2,"49":2,"50":1,"51":5,"52":4,"53":3,"54":3,"55":2,"56":2,"57":1,"58":42,"59":42},"b":{"1":[12,4],"2":[20,1],"3":[19,1],"4":[18,1],"5":[17,1],"6":[16,1],"7":[15,1],"8":[14,1],"9":[1,1],"10":[3,1],"11":[2,1],"12":[2,1],"13":[1,1],"14":[2,1],"15":[1,1],"16":[3,1],"17":[2,1],"18":[1,1],"19":[5,1],"20":[4,1],"21":[3,1],"22":[2,1],"23":[1,1],"24":[2,1],"25":[1,1]},"f":{"1":16,"2":21,"3":2,"4":1,"5":4,"6":3,"7":2,"8":3,"9":5,"10":2,"11":42},"fnMap":{"1":{"name":"onlyOwner","line":39,"loc":{"start":{"line":39,"column":4},"end":{"line":42,"column":4}}},"2":{"name":"constructor","line":56,"loc":{"start":{"line":56,"column":4},"end":{"line":76,"column":4}}},"3":{"name":"calculateEtherAmount","line":85,"loc":{"start":{"line":85,"column":4},"end":{"line":93,"column":4}}},"4":{"name":"getExchangeRate","line":100,"loc":{"start":{"line":100,"column":4},"end":{"line":105,"column":4}}},"5":{"name":"buyToken","line":113,"loc":{"start":{"line":113,"column":4},"end":{"line":129,"column":4}}},"6":{"name":"buyEther","line":138,"loc":{"start":{"line":138,"column":4},"end":{"line":155,"column":4}}},"7":{"name":"setFeePercentage","line":163,"loc":{"start":{"line":163,"column":4},"end":{"line":166,"column":4}}},"8":{"name":"deposit","line":175,"loc":{"start":{"line":175,"column":4},"end":{"line":184,"column":4}}},"9":{"name":"setTokenVault","line":194,"loc":{"start":{"line":194,"column":4},"end":{"line":203,"column":4}}},"10":{"name":"withdrawFeesAmount","line":211,"loc":{"start":{"line":211,"column":4},"end":{"line":215,"column":4}}},"11":{"name":"isContract","line":220,"loc":{"start":{"line":220,"column":4},"end":{"line":226,"column":4}}}},"statementMap":{"1":{"start":{"line":40,"column":8},"end":{"line":40,"column":53}},"2":{"start":{"line":57,"column":8},"end":{"line":57,"column":72}},"3":{"start":{"line":58,"column":8},"end":{"line":58,"column":76}},"4":{"start":{"line":59,"column":8},"end":{"line":59,"column":85}},"5":{"start":{"line":60,"column":8},"end":{"line":60,"column":78}},"6":{"start":{"line":61,"column":8},"end":{"line":61,"column":62}},"7":{"start":{"line":62,"column":8},"end":{"line":62,"column":52}},"8":{"start":{"line":64,"column":8},"end":{"line":64,"column":81}},"9":{"start":{"line":66,"column":8},"end":{"line":66,"column":85}},"10":{"start":{"line":68,"column":8},"end":{"line":68,"column":81}},"11":{"start":{"line":86,"column":8},"end":{"line":86,"column":62}},"12":{"start":{"line":87,"column":8},"end":{"line":87,"column":77}},"13":{"start":{"line":88,"column":8},"end":{"line":88,"column":66}},"14":{"start":{"line":89,"column":8},"end":{"line":89,"column":64}},"15":{"start":{"line":90,"column":8},"end":{"line":90,"column":55}},"16":{"start":{"line":92,"column":8},"end":{"line":92,"column":22}},"17":{"start":{"line":101,"column":8},"end":{"line":101,"column":74}},"18":{"start":{"line":102,"column":8},"end":{"line":102,"column":66}},"19":{"start":{"line":104,"column":8},"end":{"line":104,"column":21}},"20":{"start":{"line":114,"column":8},"end":{"line":114,"column":62}},"21":{"start":{"line":115,"column":8},"end":{"line":115,"column":77}},"22":{"start":{"line":116,"column":8},"end":{"line":116,"column":78}},"23":{"start":{"line":117,"column":8},"end":{"line":117,"column":64}},"24":{"start":{"line":118,"column":8},"end":{"line":118,"column":55}},"25":{"start":{"line":119,"column":8},"end":{"line":119,"column":47}},"26":{"start":{"line":120,"column":8},"end":{"line":120,"column":31}},"27":{"start":{"line":121,"column":8},"end":{"line":121,"column":54}},"28":{"start":{"line":122,"column":8},"end":{"line":122,"column":36}},"29":{"start":{"line":123,"column":8},"end":{"line":123,"column":57}},"30":{"start":{"line":126,"column":8},"end":{"line":126,"column":42}},"31":{"start":{"line":127,"column":8},"end":{"line":127,"column":43}},"32":{"start":{"line":128,"column":8},"end":{"line":128,"column":79}},"33":{"start":{"line":139,"column":8},"end":{"line":139,"column":104}},"34":{"start":{"line":140,"column":8},"end":{"line":140,"column":72}},"35":{"start":{"line":142,"column":8},"end":{"line":142,"column":66}},"36":{"start":{"line":143,"column":8},"end":{"line":143,"column":74}},"37":{"start":{"line":144,"column":8},"end":{"line":144,"column":60}},"38":{"start":{"line":145,"column":8},"end":{"line":145,"column":47}},"39":{"start":{"line":146,"column":8},"end":{"line":146,"column":45}},"40":{"start":{"line":148,"column":8},"end":{"line":148,"column":55}},"41":{"start":{"line":150,"column":8},"end":{"line":150,"column":35}},"42":{"start":{"line":153,"column":8},"end":{"line":153,"column":84}},"43":{"start":{"line":154,"column":8},"end":{"line":154,"column":40}},"44":{"start":{"line":164,"column":8},"end":{"line":164,"column":63}},"45":{"start":{"line":176,"column":8},"end":{"line":176,"column":52}},"46":{"start":{"line":177,"column":8},"end":{"line":177,"column":73}},"47":{"start":{"line":178,"column":8},"end":{"line":178,"column":49}},"48":{"start":{"line":179,"column":8},"end":{"line":179,"column":76}},"49":{"start":{"line":180,"column":8},"end":{"line":180,"column":88}},"50":{"start":{"line":182,"column":8},"end":{"line":182,"column":73}},"51":{"start":{"line":195,"column":8},"end":{"line":195,"column":72}},"52":{"start":{"line":196,"column":8},"end":{"line":196,"column":76}},"53":{"start":{"line":197,"column":8},"end":{"line":197,"column":75}},"54":{"start":{"line":198,"column":8},"end":{"line":198,"column":62}},"55":{"start":{"line":199,"column":8},"end":{"line":199,"column":109}},"56":{"start":{"line":212,"column":8},"end":{"line":212,"column":73}},"57":{"start":{"line":213,"column":8},"end":{"line":213,"column":50}},"58":{"start":{"line":221,"column":8},"end":{"line":221,"column":19}},"59":{"start":{"line":225,"column":8},"end":{"line":225,"column":23}}},"branchMap":{"1":{"line":40,"type":"if","locations":[{"start":{"line":40,"column":8},"end":{"line":40,"column":8}},{"start":{"line":40,"column":8},"end":{"line":40,"column":8}}]},"2":{"line":57,"type":"if","locations":[{"start":{"line":57,"column":8},"end":{"line":57,"column":8}},{"start":{"line":57,"column":8},"end":{"line":57,"column":8}}]},"3":{"line":58,"type":"if","locations":[{"start":{"line":58,"column":8},"end":{"line":58,"column":8}},{"start":{"line":58,"column":8},"end":{"line":58,"column":8}}]},"4":{"line":59,"type":"if","locations":[{"start":{"line":59,"column":8},"end":{"line":59,"column":8}},{"start":{"line":59,"column":8},"end":{"line":59,"column":8}}]},"5":{"line":60,"type":"if","locations":[{"start":{"line":60,"column":8},"end":{"line":60,"column":8}},{"start":{"line":60,"column":8},"end":{"line":60,"column":8}}]},"6":{"line":61,"type":"if","locations":[{"start":{"line":61,"column":8},"end":{"line":61,"column":8}},{"start":{"line":61,"column":8},"end":{"line":61,"column":8}}]},"7":{"line":62,"type":"if","locations":[{"start":{"line":62,"column":8},"end":{"line":62,"column":8}},{"start":{"line":62,"column":8},"end":{"line":62,"column":8}}]},"8":{"line":66,"type":"if","locations":[{"start":{"line":66,"column":8},"end":{"line":66,"column":8}},{"start":{"line":66,"column":8},"end":{"line":66,"column":8}}]},"9":{"line":86,"type":"if","locations":[{"start":{"line":86,"column":8},"end":{"line":86,"column":8}},{"start":{"line":86,"column":8},"end":{"line":86,"column":8}}]},"10":{"line":114,"type":"if","locations":[{"start":{"line":114,"column":8},"end":{"line":114,"column":8}},{"start":{"line":114,"column":8},"end":{"line":114,"column":8}}]},"11":{"line":123,"type":"if","locations":[{"start":{"line":123,"column":8},"end":{"line":123,"column":8}},{"start":{"line":123,"column":8},"end":{"line":123,"column":8}}]},"12":{"line":139,"type":"if","locations":[{"start":{"line":139,"column":8},"end":{"line":139,"column":8}},{"start":{"line":139,"column":8},"end":{"line":139,"column":8}}]},"13":{"line":140,"type":"if","locations":[{"start":{"line":140,"column":8},"end":{"line":140,"column":8}},{"start":{"line":140,"column":8},"end":{"line":140,"column":8}}]},"14":{"line":163,"type":"if","locations":[{"start":{"line":163,"column":58},"end":{"line":163,"column":58}},{"start":{"line":163,"column":58},"end":{"line":163,"column":58}}]},"15":{"line":164,"type":"if","locations":[{"start":{"line":164,"column":8},"end":{"line":164,"column":8}},{"start":{"line":164,"column":8},"end":{"line":164,"column":8}}]},"16":{"line":175,"type":"if","locations":[{"start":{"line":175,"column":38},"end":{"line":175,"column":38}},{"start":{"line":175,"column":38},"end":{"line":175,"column":38}}]},"17":{"line":176,"type":"if","locations":[{"start":{"line":176,"column":8},"end":{"line":176,"column":8}},{"start":{"line":176,"column":8},"end":{"line":176,"column":8}}]},"18":{"line":180,"type":"if","locations":[{"start":{"line":180,"column":8},"end":{"line":180,"column":8}},{"start":{"line":180,"column":8},"end":{"line":180,"column":8}}]},"19":{"line":194,"type":"if","locations":[{"start":{"line":194,"column":55},"end":{"line":194,"column":55}},{"start":{"line":194,"column":55},"end":{"line":194,"column":55}}]},"20":{"line":195,"type":"if","locations":[{"start":{"line":195,"column":8},"end":{"line":195,"column":8}},{"start":{"line":195,"column":8},"end":{"line":195,"column":8}}]},"21":{"line":196,"type":"if","locations":[{"start":{"line":196,"column":8},"end":{"line":196,"column":8}},{"start":{"line":196,"column":8},"end":{"line":196,"column":8}}]},"22":{"line":198,"type":"if","locations":[{"start":{"line":198,"column":8},"end":{"line":198,"column":8}},{"start":{"line":198,"column":8},"end":{"line":198,"column":8}}]},"23":{"line":199,"type":"if","locations":[{"start":{"line":199,"column":8},"end":{"line":199,"column":8}},{"start":{"line":199,"column":8},"end":{"line":199,"column":8}}]},"24":{"line":211,"type":"if","locations":[{"start":{"line":211,"column":41},"end":{"line":211,"column":41}},{"start":{"line":211,"column":41},"end":{"line":211,"column":41}}]},"25":{"line":212,"type":"if","locations":[{"start":{"line":212,"column":8},"end":{"line":212,"column":8}},{"start":{"line":212,"column":8},"end":{"line":212,"column":8}}]}}},
"contracts\\interfaces\\IERC20.sol":{"l":{},"path":"C:\\Users\\fnico\\OneDrive\\Documentos\\Github\\obligatorio-pintos-rodriguez-alonso\\contracts\\interfaces\\IERC20.sol","s":{},"b":{},"f":{},"fnMap":{},"statementMap":{},"branchMap":{}}}
