TN:
SF:C:\Users\fnico\OneDrive\Documentos\Github\obligatorio-pintos-rodriguez-alonso\contracts\ERC20.sol
FN:38,constructor
FN:65,transfer
FN:92,transferFrom
FN:121,approve
FNF:4
FNH:4
FNDA:6,constructor
FNDA:9,transfer
FNDA:27,transferFrom
FNDA:13,approve
DA:39,6
DA:40,6
DA:41,5
DA:42,5
DA:43,4
DA:45,3
DA:46,3
DA:47,3
DA:48,3
DA:50,3
DA:51,3
DA:66,9
DA:67,8
DA:68,7
DA:69,6
DA:70,5
DA:72,5
DA:73,5
DA:75,5
DA:93,27
DA:94,26
DA:95,25
DA:96,24
DA:97,23
DA:98,22
DA:100,20
DA:101,20
DA:103,20
DA:104,19
DA:107,20
DA:122,13
DA:123,12
DA:125,10
DA:126,1
DA:129,9
DA:131,9
LF:36
LH:36
BRDA:40,1,0,5
BRDA:40,1,1,1
BRDA:42,2,0,4
BRDA:42,2,1,1
BRDA:43,3,0,3
BRDA:43,3,1,1
BRDA:66,4,0,8
BRDA:66,4,1,1
BRDA:67,5,0,7
BRDA:67,5,1,1
BRDA:68,6,0,6
BRDA:68,6,1,1
BRDA:69,7,0,5
BRDA:69,7,1,1
BRDA:70,8,0,5
BRDA:70,8,1,0
BRDA:93,9,0,26
BRDA:93,9,1,1
BRDA:94,10,0,25
BRDA:94,10,1,1
BRDA:95,11,0,24
BRDA:95,11,1,1
BRDA:96,12,0,23
BRDA:96,12,1,1
BRDA:97,13,0,22
BRDA:97,13,1,1
BRDA:98,14,0,20
BRDA:98,14,1,2
BRDA:98,15,0,1
BRDA:98,15,1,19
BRDA:103,16,0,19
BRDA:103,16,1,1
BRDA:122,17,0,12
BRDA:122,17,1,1
BRDA:123,18,0,10
BRDA:123,18,1,2
BRDA:123,19,0,1
BRDA:123,19,1,9
BRDA:125,20,0,1
BRDA:125,20,1,9
BRF:40
BRH:39
end_of_record
TN:
SF:C:\Users\fnico\OneDrive\Documentos\Github\obligatorio-pintos-rodriguez-alonso\contracts\Exchange.sol
FN:39,onlyOwner
FN:56,constructor
FN:85,calculateEtherAmount
FN:100,getExchangeRate
FN:113,buyToken
FN:138,buyEther
FN:163,setFeePercentage
FN:175,deposit
FN:194,setTokenVault
FN:211,withdrawFeesAmount
FN:220,isContract
FNF:11
FNH:11
FNDA:16,onlyOwner
FNDA:21,constructor
FNDA:2,calculateEtherAmount
FNDA:1,getExchangeRate
FNDA:4,buyToken
FNDA:3,buyEther
FNDA:2,setFeePercentage
FNDA:3,deposit
FNDA:5,setTokenVault
FNDA:2,withdrawFeesAmount
FNDA:42,isContract
DA:40,16
DA:41,12
DA:57,21
DA:58,20
DA:59,19
DA:60,18
DA:61,17
DA:62,16
DA:64,15
DA:66,15
DA:68,14
DA:69,14
DA:70,14
DA:71,14
DA:72,14
DA:73,14
DA:74,14
DA:75,14
DA:86,2
DA:87,1
DA:88,1
DA:89,1
DA:90,1
DA:91,1
DA:92,1
DA:101,1
DA:102,1
DA:103,1
DA:104,1
DA:114,4
DA:115,3
DA:116,3
DA:117,3
DA:118,3
DA:119,3
DA:120,3
DA:121,3
DA:122,3
DA:123,3
DA:125,2
DA:126,2
DA:127,2
DA:128,2
DA:139,3
DA:140,2
DA:142,1
DA:143,1
DA:144,1
DA:145,1
DA:146,1
DA:148,1
DA:150,1
DA:151,1
DA:153,1
DA:154,1
DA:164,2
DA:165,1
DA:176,3
DA:177,2
DA:178,2
DA:179,2
DA:180,2
DA:182,1
DA:183,1
DA:195,5
DA:196,4
DA:197,3
DA:198,3
DA:199,2
DA:201,1
DA:202,1
DA:212,2
DA:213,1
DA:214,1
DA:221,42
DA:222,42
DA:225,42
LF:77
LH:77
BRDA:40,1,0,12
BRDA:40,1,1,4
BRDA:57,2,0,20
BRDA:57,2,1,1
BRDA:58,3,0,19
BRDA:58,3,1,1
BRDA:59,4,0,18
BRDA:59,4,1,1
BRDA:60,5,0,17
BRDA:60,5,1,1
BRDA:61,6,0,16
BRDA:61,6,1,1
BRDA:62,7,0,15
BRDA:62,7,1,1
BRDA:66,8,0,14
BRDA:66,8,1,1
BRDA:86,9,0,1
BRDA:86,9,1,1
BRDA:114,10,0,3
BRDA:114,10,1,1
BRDA:123,11,0,2
BRDA:123,11,1,1
BRDA:139,12,0,2
BRDA:139,12,1,1
BRDA:140,13,0,1
BRDA:140,13,1,1
BRDA:163,14,0,2
BRDA:163,14,1,1
BRDA:164,15,0,1
BRDA:164,15,1,1
BRDA:175,16,0,3
BRDA:175,16,1,1
BRDA:176,17,0,2
BRDA:176,17,1,1
BRDA:180,18,0,1
BRDA:180,18,1,1
BRDA:194,19,0,5
BRDA:194,19,1,1
BRDA:195,20,0,4
BRDA:195,20,1,1
BRDA:196,21,0,3
BRDA:196,21,1,1
BRDA:198,22,0,2
BRDA:198,22,1,1
BRDA:199,23,0,1
BRDA:199,23,1,1
BRDA:211,24,0,2
BRDA:211,24,1,1
BRDA:212,25,0,1
BRDA:212,25,1,1
BRF:50
BRH:50
end_of_record
TN:
SF:C:\Users\fnico\OneDrive\Documentos\Github\obligatorio-pintos-rodriguez-alonso\contracts\interfaces\IERC20.sol
FNF:0
FNH:0
LF:0
LH:0
BRF:0
BRH:0
end_of_record
